1751442026325	geckodriver	INFO	Listening on 127.0.0.1:62342
1751442029414	mozrunner::runner	INFO	Running command: "C:\\Program Files\\Mozilla Firefox\\firefox.exe" "--marionette" "--remote-debugging-port" "62343" "--remote-allow-hosts" "localhost" "-no-remote" "-profile" "C:\\Users\\FJ\\AppData\\Local\\Temp\\rust_mozprofileYnym3W"
console.warn: services.settings: Ignoring preference override of remote settings server
console.warn: services.settings: Allow by setting MOZ_REMOTE_SETTINGS_DEVTOOLS=1 in the environment
Dynamically enable window occlusion 0
1751442030052	Marionette	INFO	Marionette enabled
1751442030320	Marionette	INFO	Listening on port 62350
Read port: 62350
WebDriver BiDi listening on ws://127.0.0.1:62343
1751442030451	RemoteAgent	WARN	TLS certificate errors will be ignored for this session
console.error: CustomizableUI: 
  Could not localize property 'fxms-bmb-button.tooltiptext'.
JavaScript warning: https://www.gstatic.com/og/_/js/k=og.asy.en_US.L3XKY0ZnUXM.2019.O/rt=j/m=_ac,_awd,ada,lldp,qads,abld/exm=/d=1/ed=1/rs=AA2YrTujTPyVusPJdgTkgGC2Odx28Wzeww, line 435: Script terminated by timeout at:
isVisible@https://www.gstatic.com/og/_/js/k=og.asy.en_US.L3XKY0ZnUXM.2019.O/rt=j/m=_ac,_awd,ada,lldp,qads,abld/exm=/d=1/ed=1/rs=AA2YrTujTPyVusPJdgTkgGC2Odx28Wzeww:435:227
js@https://www.gstatic.com/og/_/js/k=og.asy.en_US.L3XKY0ZnUXM.2019.O/rt=j/m=_ac,_awd,ada,lldp,qads,abld/exm=/d=1/ed=1/rs=AA2YrTujTPyVusPJdgTkgGC2Odx28Wzeww:429:441
hh@https://www.gstatic.com/og/_/js/k=og.asy.en_US.L3XKY0ZnUXM.2019.O/rt=j/m=_ac,_awd,ada,lldp,qads,abld/exm=/d=1/ed=1/rs=AA2YrTujTPyVusPJdgTkgGC2Odx28Wzeww:437:152
Ng@https://www.gstatic.com/og/_/js/k=og.asy.en_US.L3XKY0ZnUXM.2019.O/rt=j/m=_ac,_awd,ada,lldp,qads,abld/exm=/d=1/ed=1/rs=AA2YrTujTPyVusPJdgTkgGC2Odx28Wzeww:111:106
b@https://www.gstatic.com/og/_/js/k=og.asy.en_US.L3XKY0ZnUXM.2019.O/rt=j/m=_ac,_awd,ada,lldp,qads,abld/exm=/d=1/ed=1/rs=AA2YrTujTPyVusPJdgTkgGC2Odx28Wzeww:108:471

1751442135927	Marionette	INFO	Stopped listening on port 62350
Dynamically enable window occlusion 1
console.error: "Failed to fetch https://ads.mozilla.org/v1/delete_user:" "NetworkError when attempting to fetch resource."
console.warn: TopSitesFeed: Failed to fetch data from MARS server: NetworkError when attempting to fetch resource.
JavaScript error: resource://services-settings/RemoteSettingsClient.sys.mjs, line 101: Error: Unknown callback
